1699188492.338730 client started (233406): version 3.2a, socket /tmp/tmux-1000/default, protocol 8
1699188492.338816 on Linux 6.2.0-36-generic #37~22.04.1-Ubuntu SMP PREEMPT_DYNAMIC Mon Oct  9 15:34:04 UTC 2
1699188492.338820 using libevent 2.1.12-stable (poll); ncurses 6.3
1699188492.338846 flags are 0x18010000
1699188492.338849 socket is /tmp/tmux-1000/default
1699188492.338862 trying connect
1699188492.338875 connect failed: No such file or directory
1699188492.338882 lock file is /tmp/tmux-1000/default.lock
1699188492.338903 flock succeeded
1699188492.338906 got lock (6)
1699188492.338913 trying connect
1699188492.338919 connect failed: No such file or directory
1699188492.339099 add peer 0x555a08118490: 7 ((nil))
1699188492.339365 sending message 100 to peer 0x555a08118490 (4 bytes)
1699188492.339371 sending message 111 to peer 0x555a08118490 (8 bytes)
1699188492.339374 sending message 101 to peer 0x555a08118490 (15 bytes)
1699188492.339377 sending message 109 to peer 0x555a08118490 (4 bytes)
1699188492.339380 sending message 102 to peer 0x555a08118490 (11 bytes)
1699188492.339383 sending message 108 to peer 0x555a08118490 (28 bytes)
1699188492.339386 sending message 112 to peer 0x555a08118490 (58 bytes)
1699188492.339389 sending message 112 to peer 0x555a08118490 (5 bytes)
1699188492.339392 sending message 112 to peer 0x555a08118490 (5 bytes)
1699188492.339395 sending message 112 to peer 0x555a08118490 (6 bytes)
1699188492.339397 sending message 112 to peer 0x555a08118490 (6 bytes)
1699188492.339400 sending message 112 to peer 0x555a08118490 (11 bytes)
1699188492.339403 sending message 112 to peer 0x555a08118490 (10 bytes)
1699188492.339406 sending message 112 to peer 0x555a08118490 (13 bytes)
1699188492.339409 sending message 112 to peer 0x555a08118490 (14 bytes)
1699188492.339412 sending message 112 to peer 0x555a08118490 (19 bytes)
1699188492.339415 sending message 112 to peer 0x555a08118490 (11 bytes)
1699188492.339417 sending message 112 to peer 0x555a08118490 (10 bytes)
1699188492.339420 sending message 112 to peer 0x555a08118490 (15 bytes)
1699188492.339423 sending message 112 to peer 0x555a08118490 (21 bytes)
1699188492.339426 sending message 112 to peer 0x555a08118490 (13 bytes)
1699188492.339429 sending message 112 to peer 0x555a08118490 (7 bytes)
1699188492.339432 sending message 112 to peer 0x555a08118490 (13 bytes)
1699188492.339434 sending message 112 to peer 0x555a08118490 (7 bytes)
1699188492.339437 sending message 112 to peer 0x555a08118490 (13 bytes)
1699188492.339440 sending message 112 to peer 0x555a08118490 (9 bytes)
1699188492.339443 sending message 112 to peer 0x555a08118490 (21 bytes)
1699188492.339446 sending message 112 to peer 0x555a08118490 (13 bytes)
1699188492.339449 sending message 112 to peer 0x555a08118490 (9 bytes)
1699188492.339451 sending message 112 to peer 0x555a08118490 (16 bytes)
1699188492.339454 sending message 112 to peer 0x555a08118490 (13 bytes)
1699188492.339457 sending message 112 to peer 0x555a08118490 (9 bytes)
1699188492.339460 sending message 112 to peer 0x555a08118490 (9 bytes)
1699188492.339463 sending message 112 to peer 0x555a08118490 (12 bytes)
1699188492.339466 sending message 112 to peer 0x555a08118490 (8 bytes)
1699188492.339469 sending message 112 to peer 0x555a08118490 (8 bytes)
1699188492.339471 sending message 112 to peer 0x555a08118490 (13 bytes)
1699188492.339474 sending message 112 to peer 0x555a08118490 (7 bytes)
1699188492.339477 sending message 112 to peer 0x555a08118490 (7 bytes)
1699188492.339480 sending message 112 to peer 0x555a08118490 (9 bytes)
1699188492.339483 sending message 112 to peer 0x555a08118490 (9 bytes)
1699188492.339486 sending message 112 to peer 0x555a08118490 (15 bytes)
1699188492.339488 sending message 112 to peer 0x555a08118490 (13 bytes)
1699188492.339491 sending message 112 to peer 0x555a08118490 (12 bytes)
1699188492.339494 sending message 112 to peer 0x555a08118490 (8 bytes)
1699188492.339497 sending message 112 to peer 0x555a08118490 (14 bytes)
1699188492.339500 sending message 112 to peer 0x555a08118490 (11 bytes)
1699188492.339503 sending message 112 to peer 0x555a08118490 (9 bytes)
1699188492.339511 sending message 112 to peer 0x555a08118490 (10 bytes)
1699188492.339514 sending message 112 to peer 0x555a08118490 (10 bytes)
1699188492.339517 sending message 112 to peer 0x555a08118490 (10 bytes)
1699188492.339520 sending message 112 to peer 0x555a08118490 (10 bytes)
1699188492.339523 sending message 112 to peer 0x555a08118490 (11 bytes)
1699188492.339526 sending message 112 to peer 0x555a08118490 (12 bytes)
1699188492.339528 sending message 112 to peer 0x555a08118490 (12 bytes)
1699188492.339531 sending message 112 to peer 0x555a08118490 (12 bytes)
1699188492.339534 sending message 112 to peer 0x555a08118490 (12 bytes)
1699188492.339537 sending message 112 to peer 0x555a08118490 (12 bytes)
1699188492.339540 sending message 112 to peer 0x555a08118490 (11 bytes)
1699188492.339542 sending message 112 to peer 0x555a08118490 (11 bytes)
1699188492.339545 sending message 112 to peer 0x555a08118490 (12 bytes)
1699188492.339548 sending message 112 to peer 0x555a08118490 (12 bytes)
1699188492.339551 sending message 112 to peer 0x555a08118490 (12 bytes)
1699188492.339554 sending message 112 to peer 0x555a08118490 (12 bytes)
1699188492.339556 sending message 112 to peer 0x555a08118490 (12 bytes)
1699188492.339559 sending message 112 to peer 0x555a08118490 (9 bytes)
1699188492.339562 sending message 112 to peer 0x555a08118490 (12 bytes)
1699188492.339565 sending message 112 to peer 0x555a08118490 (13 bytes)
1699188492.339568 sending message 112 to peer 0x555a08118490 (13 bytes)
1699188492.339571 sending message 112 to peer 0x555a08118490 (13 bytes)
1699188492.339573 sending message 112 to peer 0x555a08118490 (13 bytes)
1699188492.339576 sending message 112 to peer 0x555a08118490 (13 bytes)
1699188492.339579 sending message 112 to peer 0x555a08118490 (8 bytes)
1699188492.339582 sending message 112 to peer 0x555a08118490 (11 bytes)
1699188492.339585 sending message 112 to peer 0x555a08118490 (11 bytes)
1699188492.339587 sending message 112 to peer 0x555a08118490 (11 bytes)
1699188492.339590 sending message 112 to peer 0x555a08118490 (12 bytes)
1699188492.339593 sending message 112 to peer 0x555a08118490 (12 bytes)
1699188492.339596 sending message 112 to peer 0x555a08118490 (12 bytes)
1699188492.339599 sending message 112 to peer 0x555a08118490 (12 bytes)
1699188492.339601 sending message 112 to peer 0x555a08118490 (13 bytes)
1699188492.339604 sending message 112 to peer 0x555a08118490 (13 bytes)
1699188492.339607 sending message 112 to peer 0x555a08118490 (13 bytes)
1699188492.339610 sending message 112 to peer 0x555a08118490 (8 bytes)
1699188492.339613 sending message 112 to peer 0x555a08118490 (13 bytes)
1699188492.339615 sending message 112 to peer 0x555a08118490 (13 bytes)
1699188492.339618 sending message 112 to peer 0x555a08118490 (13 bytes)
1699188492.339621 sending message 112 to peer 0x555a08118490 (13 bytes)
1699188492.339624 sending message 112 to peer 0x555a08118490 (13 bytes)
1699188492.339627 sending message 112 to peer 0x555a08118490 (12 bytes)
1699188492.339629 sending message 112 to peer 0x555a08118490 (12 bytes)
1699188492.339632 sending message 112 to peer 0x555a08118490 (12 bytes)
1699188492.339635 sending message 112 to peer 0x555a08118490 (12 bytes)
1699188492.339638 sending message 112 to peer 0x555a08118490 (13 bytes)
1699188492.339641 sending message 112 to peer 0x555a08118490 (8 bytes)
1699188492.339643 sending message 112 to peer 0x555a08118490 (13 bytes)
1699188492.339646 sending message 112 to peer 0x555a08118490 (13 bytes)
1699188492.339649 sending message 112 to peer 0x555a08118490 (13 bytes)
1699188492.339652 sending message 112 to peer 0x555a08118490 (13 bytes)
1699188492.339655 sending message 112 to peer 0x555a08118490 (13 bytes)
1699188492.339657 sending message 112 to peer 0x555a08118490 (13 bytes)
1699188492.339660 sending message 112 to peer 0x555a08118490 (13 bytes)
1699188492.339663 sending message 112 to peer 0x555a08118490 (12 bytes)
1699188492.339666 sending message 112 to peer 0x555a08118490 (12 bytes)
1699188492.339669 sending message 112 to peer 0x555a08118490 (12 bytes)
1699188492.339677 sending message 112 to peer 0x555a08118490 (8 bytes)
1699188492.339679 sending message 112 to peer 0x555a08118490 (12 bytes)
1699188492.339682 sending message 112 to peer 0x555a08118490 (13 bytes)
1699188492.339685 sending message 112 to peer 0x555a08118490 (13 bytes)
1699188492.339688 sending message 112 to peer 0x555a08118490 (13 bytes)
1699188492.339691 sending message 112 to peer 0x555a08118490 (13 bytes)
1699188492.339694 sending message 112 to peer 0x555a08118490 (13 bytes)
1699188492.339696 sending message 112 to peer 0x555a08118490 (13 bytes)
1699188492.339699 sending message 112 to peer 0x555a08118490 (13 bytes)
1699188492.339702 sending message 112 to peer 0x555a08118490 (13 bytes)
1699188492.339705 sending message 112 to peer 0x555a08118490 (12 bytes)
1699188492.339708 sending message 112 to peer 0x555a08118490 (10 bytes)
1699188492.339711 sending message 112 to peer 0x555a08118490 (12 bytes)
1699188492.339713 sending message 112 to peer 0x555a08118490 (12 bytes)
1699188492.339716 sending message 112 to peer 0x555a08118490 (12 bytes)
1699188492.339719 sending message 112 to peer 0x555a08118490 (13 bytes)
1699188492.339722 sending message 112 to peer 0x555a08118490 (13 bytes)
1699188492.339725 sending message 112 to peer 0x555a08118490 (13 bytes)
1699188492.339727 sending message 112 to peer 0x555a08118490 (13 bytes)
1699188492.339730 sending message 112 to peer 0x555a08118490 (13 bytes)
1699188492.339733 sending message 112 to peer 0x555a08118490 (13 bytes)
1699188492.339736 sending message 112 to peer 0x555a08118490 (13 bytes)
1699188492.339739 sending message 112 to peer 0x555a08118490 (10 bytes)
1699188492.339742 sending message 112 to peer 0x555a08118490 (13 bytes)
1699188492.339744 sending message 112 to peer 0x555a08118490 (12 bytes)
1699188492.339747 sending message 112 to peer 0x555a08118490 (12 bytes)
1699188492.339750 sending message 112 to peer 0x555a08118490 (12 bytes)
1699188492.339753 sending message 112 to peer 0x555a08118490 (10 bytes)
1699188492.339755 sending message 112 to peer 0x555a08118490 (10 bytes)
1699188492.339758 sending message 112 to peer 0x555a08118490 (10 bytes)
1699188492.339761 sending message 112 to peer 0x555a08118490 (12 bytes)
1699188492.339764 sending message 112 to peer 0x555a08118490 (13 bytes)
1699188492.339766 sending message 112 to peer 0x555a08118490 (13 bytes)
1699188492.339769 sending message 112 to peer 0x555a08118490 (13 bytes)
1699188492.339772 sending message 112 to peer 0x555a08118490 (13 bytes)
1699188492.339775 sending message 112 to peer 0x555a08118490 (13 bytes)
1699188492.339777 sending message 112 to peer 0x555a08118490 (10 bytes)
1699188492.339780 sending message 112 to peer 0x555a08118490 (11 bytes)
1699188492.339783 sending message 112 to peer 0x555a08118490 (12 bytes)
1699188492.339786 sending message 112 to peer 0x555a08118490 (12 bytes)
1699188492.339789 sending message 112 to peer 0x555a08118490 (12 bytes)
1699188492.339792 sending message 112 to peer 0x555a08118490 (12 bytes)
1699188492.339794 sending message 112 to peer 0x555a08118490 (12 bytes)
1699188492.339797 sending message 112 to peer 0x555a08118490 (11 bytes)
1699188492.339800 sending message 112 to peer 0x555a08118490 (12 bytes)
1699188492.339803 sending message 112 to peer 0x555a08118490 (12 bytes)
1699188492.339806 sending message 112 to peer 0x555a08118490 (13 bytes)
1699188492.339808 sending message 112 to peer 0x555a08118490 (13 bytes)
1699188492.339811 sending message 112 to peer 0x555a08118490 (13 bytes)
1699188492.339814 sending message 112 to peer 0x555a08118490 (13 bytes)
1699188492.339817 sending message 112 to peer 0x555a08118490 (13 bytes)
1699188492.339820 sending message 112 to peer 0x555a08118490 (10 bytes)
1699188492.339822 sending message 112 to peer 0x555a08118490 (9 bytes)
1699188492.339825 sending message 112 to peer 0x555a08118490 (12 bytes)
1699188492.339828 sending message 112 to peer 0x555a08118490 (13 bytes)
1699188492.339831 sending message 112 to peer 0x555a08118490 (13 bytes)
1699188492.339837 sending message 112 to peer 0x555a08118490 (13 bytes)
1699188492.339840 sending message 112 to peer 0x555a08118490 (13 bytes)
1699188492.339843 sending message 112 to peer 0x555a08118490 (13 bytes)
1699188492.339846 sending message 112 to peer 0x555a08118490 (9 bytes)
1699188492.339849 sending message 112 to peer 0x555a08118490 (12 bytes)
1699188492.339851 sending message 112 to peer 0x555a08118490 (13 bytes)
1699188492.339854 sending message 112 to peer 0x555a08118490 (13 bytes)
1699188492.339857 sending message 112 to peer 0x555a08118490 (13 bytes)
1699188492.339860 sending message 112 to peer 0x555a08118490 (13 bytes)
1699188492.339863 sending message 112 to peer 0x555a08118490 (13 bytes)
1699188492.339866 sending message 112 to peer 0x555a08118490 (11 bytes)
1699188492.339868 sending message 112 to peer 0x555a08118490 (12 bytes)
1699188492.339871 sending message 112 to peer 0x555a08118490 (13 bytes)
1699188492.339874 sending message 112 to peer 0x555a08118490 (13 bytes)
1699188492.339877 sending message 112 to peer 0x555a08118490 (13 bytes)
1699188492.339879 sending message 112 to peer 0x555a08118490 (13 bytes)
1699188492.339882 sending message 112 to peer 0x555a08118490 (13 bytes)
1699188492.339885 sending message 112 to peer 0x555a08118490 (11 bytes)
1699188492.339887 sending message 112 to peer 0x555a08118490 (12 bytes)
1699188492.339890 sending message 112 to peer 0x555a08118490 (12 bytes)
1699188492.339893 sending message 112 to peer 0x555a08118490 (12 bytes)
1699188492.339896 sending message 112 to peer 0x555a08118490 (12 bytes)
1699188492.339900 sending message 112 to peer 0x555a08118490 (12 bytes)
1699188492.339903 sending message 112 to peer 0x555a08118490 (21 bytes)
1699188492.339906 sending message 112 to peer 0x555a08118490 (12 bytes)
1699188492.339909 sending message 112 to peer 0x555a08118490 (9 bytes)
1699188492.339912 sending message 112 to peer 0x555a08118490 (6 bytes)
1699188492.339914 sending message 112 to peer 0x555a08118490 (13 bytes)
1699188492.339917 sending message 112 to peer 0x555a08118490 (10 bytes)
1699188492.339920 sending message 112 to peer 0x555a08118490 (24 bytes)
1699188492.339923 sending message 112 to peer 0x555a08118490 (13 bytes)
1699188492.339925 sending message 112 to peer 0x555a08118490 (9 bytes)
1699188492.339928 sending message 112 to peer 0x555a08118490 (70 bytes)
1699188492.339931 sending message 112 to peer 0x555a08118490 (69 bytes)
1699188492.339934 sending message 112 to peer 0x555a08118490 (12 bytes)
1699188492.339936 sending message 112 to peer 0x555a08118490 (10 bytes)
1699188492.339939 sending message 112 to peer 0x555a08118490 (10 bytes)
1699188492.339942 sending message 112 to peer 0x555a08118490 (24 bytes)
1699188492.339946 sending message 112 to peer 0x555a08118490 (13 bytes)
1699188492.339949 sending message 112 to peer 0x555a08118490 (10 bytes)
1699188492.339952 sending message 112 to peer 0x555a08118490 (10 bytes)
1699188492.339954 sending message 112 to peer 0x555a08118490 (10 bytes)
1699188492.339957 sending message 112 to peer 0x555a08118490 (13 bytes)
1699188492.339960 sending message 112 to peer 0x555a08118490 (15 bytes)
1699188492.339963 sending message 112 to peer 0x555a08118490 (5 bytes)
1699188492.339966 sending message 104 to peer 0x555a08118490 (0 bytes)
1699188492.339969 sending message 110 to peer 0x555a08118490 (0 bytes)
1699188492.339972 sending message 107 to peer 0x555a08118490 (4 bytes)
1699188492.339975 sending message 105 to peer 0x555a08118490 (16 bytes)
1699188492.339978 sending message 105 to peer 0x555a08118490 (162 bytes)
1699188492.339981 sending message 105 to peer 0x555a08118490 (24 bytes)
1699188492.339983 sending message 105 to peer 0x555a08118490 (19 bytes)
1699188492.339986 sending message 105 to peer 0x555a08118490 (116 bytes)
1699188492.339990 sending message 105 to peer 0x555a08118490 (17 bytes)
1699188492.339993 sending message 105 to peer 0x555a08118490 (20 bytes)
1699188492.339996 sending message 105 to peer 0x555a08118490 (45 bytes)
1699188492.339999 sending message 105 to peer 0x555a08118490 (33 bytes)
1699188492.340005 sending message 105 to peer 0x555a08118490 (23 bytes)
1699188492.340008 sending message 105 to peer 0x555a08118490 (44 bytes)
1699188492.340011 sending message 105 to peer 0x555a08118490 (30 bytes)
1699188492.340013 sending message 105 to peer 0x555a08118490 (54 bytes)
1699188492.340016 sending message 105 to peer 0x555a08118490 (45 bytes)
1699188492.340019 sending message 105 to peer 0x555a08118490 (18 bytes)
1699188492.340022 sending message 105 to peer 0x555a08118490 (32 bytes)
1699188492.340024 sending message 105 to peer 0x555a08118490 (41 bytes)
1699188492.340027 sending message 105 to peer 0x555a08118490 (42 bytes)
1699188492.340030 sending message 105 to peer 0x555a08118490 (39 bytes)
1699188492.340033 sending message 105 to peer 0x555a08118490 (19 bytes)
1699188492.340035 sending message 105 to peer 0x555a08118490 (20 bytes)
1699188492.340040 sending message 105 to peer 0x555a08118490 (23 bytes)
1699188492.340043 sending message 105 to peer 0x555a08118490 (92 bytes)
1699188492.340046 sending message 105 to peer 0x555a08118490 (87 bytes)
1699188492.340048 sending message 105 to peer 0x555a08118490 (28 bytes)
1699188492.340051 sending message 105 to peer 0x555a08118490 (15 bytes)
1699188492.340054 sending message 105 to peer 0x555a08118490 (32 bytes)
1699188492.340057 sending message 105 to peer 0x555a08118490 (27 bytes)
1699188492.340059 sending message 105 to peer 0x555a08118490 (17 bytes)
1699188492.340062 sending message 105 to peer 0x555a08118490 (25 bytes)
1699188492.340065 sending message 105 to peer 0x555a08118490 (22 bytes)
1699188492.340068 sending message 105 to peer 0x555a08118490 (54 bytes)
1699188492.340070 sending message 105 to peer 0x555a08118490 (66 bytes)
1699188492.340073 sending message 105 to peer 0x555a08118490 (33 bytes)
1699188492.340076 sending message 105 to peer 0x555a08118490 (109 bytes)
1699188492.340079 sending message 105 to peer 0x555a08118490 (20 bytes)
1699188492.340083 sending message 105 to peer 0x555a08118490 (18 bytes)
1699188492.340086 sending message 105 to peer 0x555a08118490 (18 bytes)
1699188492.340089 sending message 105 to peer 0x555a08118490 (17 bytes)
1699188492.340092 sending message 105 to peer 0x555a08118490 (1519 bytes)
1699188492.340104 sending message 105 to peer 0x555a08118490 (33 bytes)
1699188492.340107 sending message 105 to peer 0x555a08118490 (26 bytes)
1699188492.340110 sending message 105 to peer 0x555a08118490 (16 bytes)
1699188492.340112 sending message 105 to peer 0x555a08118490 (29 bytes)
1699188492.340115 sending message 105 to peer 0x555a08118490 (48 bytes)
1699188492.340118 sending message 105 to peer 0x555a08118490 (47 bytes)
1699188492.340121 sending message 105 to peer 0x555a08118490 (44 bytes)
1699188492.340124 sending message 105 to peer 0x555a08118490 (16 bytes)
1699188492.340127 sending message 105 to peer 0x555a08118490 (13 bytes)
1699188492.340129 sending message 105 to peer 0x555a08118490 (14 bytes)
1699188492.340132 sending message 105 to peer 0x555a08118490 (59 bytes)
1699188492.340135 sending message 105 to peer 0x555a08118490 (64 bytes)
1699188492.340138 sending message 105 to peer 0x555a08118490 (24 bytes)
1699188492.340141 sending message 105 to peer 0x555a08118490 (23 bytes)
1699188492.340144 sending message 105 to peer 0x555a08118490 (34 bytes)
1699188492.340147 sending message 105 to peer 0x555a08118490 (23 bytes)
1699188492.340149 sending message 105 to peer 0x555a08118490 (20 bytes)
1699188492.340152 sending message 105 to peer 0x555a08118490 (51 bytes)
1699188492.340155 sending message 105 to peer 0x555a08118490 (32 bytes)
1699188492.340158 sending message 105 to peer 0x555a08118490 (14 bytes)
1699188492.340161 sending message 105 to peer 0x555a08118490 (24 bytes)
1699188492.340163 sending message 105 to peer 0x555a08118490 (39 bytes)
1699188492.340166 sending message 105 to peer 0x555a08118490 (20 bytes)
1699188492.340169 sending message 105 to peer 0x555a08118490 (11 bytes)
1699188492.340172 sending message 105 to peer 0x555a08118490 (8 bytes)
1699188492.340175 sending message 105 to peer 0x555a08118490 (95 bytes)
1699188492.340181 sending message 105 to peer 0x555a08118490 (84 bytes)
1699188492.340184 sending message 105 to peer 0x555a08118490 (65 bytes)
1699188492.340187 sending message 105 to peer 0x555a08118490 (18 bytes)
1699188492.340190 sending message 105 to peer 0x555a08118490 (67 bytes)
1699188492.340193 sending message 105 to peer 0x555a08118490 (33 bytes)
1699188492.340195 sending message 105 to peer 0x555a08118490 (74 bytes)
1699188492.340198 sending message 105 to peer 0x555a08118490 (148 bytes)
1699188492.340201 sending message 105 to peer 0x555a08118490 (31 bytes)
1699188492.340204 sending message 105 to peer 0x555a08118490 (67 bytes)
1699188492.340207 sending message 105 to peer 0x555a08118490 (81 bytes)
1699188492.340210 sending message 105 to peer 0x555a08118490 (15 bytes)
1699188492.340213 sending message 105 to peer 0x555a08118490 (20 bytes)
1699188492.340215 sending message 105 to peer 0x555a08118490 (56 bytes)
1699188492.340218 sending message 105 to peer 0x555a08118490 (23 bytes)
1699188492.340221 sending message 105 to peer 0x555a08118490 (193 bytes)
1699188492.340224 sending message 105 to peer 0x555a08118490 (216 bytes)
1699188492.340227 sending message 105 to peer 0x555a08118490 (40 bytes)
1699188492.340230 sending message 105 to peer 0x555a08118490 (18 bytes)
1699188492.340233 sending message 105 to peer 0x555a08118490 (54 bytes)
1699188492.340236 sending message 105 to peer 0x555a08118490 (51 bytes)
1699188492.340238 sending message 105 to peer 0x555a08118490 (35 bytes)
1699188492.340241 sending message 105 to peer 0x555a08118490 (71 bytes)
1699188492.340244 sending message 105 to peer 0x555a08118490 (37 bytes)
1699188492.340247 sending message 105 to peer 0x555a08118490 (53 bytes)
1699188492.340250 sending message 105 to peer 0x555a08118490 (90 bytes)
1699188492.340253 sending message 105 to peer 0x555a08118490 (30 bytes)
1699188492.340255 sending message 105 to peer 0x555a08118490 (16 bytes)
1699188492.340258 sending message 106 to peer 0x555a08118490 (0 bytes)
1699188492.340263 sending message 200 to peer 0x555a08118490 (4 bytes)
1699188492.340265 client loop enter
1699188492.340291 client_signal: Child exited
1699188492.386870 peer 0x555a08118490 message 207
1699188492.386880 sending message 208 to peer 0x555a08118490 (0 bytes)
1699188826.928427 client_signal: Window changed
1699188826.928460 sending message 208 to peer 0x555a08118490 (0 bytes)
1699188827.070484 client_signal: Window changed
1699188827.070524 sending message 208 to peer 0x555a08118490 (0 bytes)
1699188827.165088 client_signal: Window changed
1699188827.165122 sending message 208 to peer 0x555a08118490 (0 bytes)
1699188827.231016 client_signal: Window changed
1699188827.231045 sending message 208 to peer 0x555a08118490 (0 bytes)
1699188827.526233 client_signal: Window changed
1699188827.526259 sending message 208 to peer 0x555a08118490 (0 bytes)
1699188858.774204 peer 0x555a08118490 message 203
1699188858.774213 sending message 205 to peer 0x555a08118490 (0 bytes)
1699188858.774463 peer 0x555a08118490 message 204
1699188858.774468 client loop exit
